<?xml version="1.0" encoding="UTF-8"?>
<!-- Generated by org.testng.reporters.JUnitReportReporter -->
<testsuite skipped="0" hostname="DESKTOP-I12I50L" name="basicFunctions.ParametersConcept" tests="1" failures="0" timestamp="24 Oct 2020 06:17:20 GMT" time="0.015" errors="0">
  <testcase name="launchBrowser" time="0.015" classname="basicFunctions.ParametersConcept"/>
</testsuite> <!-- basicFunctions.ParametersConcept -->
