<?xml version="1.0" encoding="UTF-8"?>
<!-- Generated by org.testng.reporters.JUnitReportReporter -->
<testsuite skipped="0" hostname="DESKTOP-I12I50L" name="basicFunctions.Testing" tests="3" failures="0" timestamp="24 Oct 2020 05:10:35 GMT" time="0.026" errors="0">
  <testcase name="test1" time="0.016" classname="basicFunctions.Testing"/>
  <testcase name="test3" time="0.006" classname="basicFunctions.Testing"/>
  <testcase name="test2" time="0.004" classname="basicFunctions.Testing"/>
</testsuite> <!-- basicFunctions.Testing -->
