<?xml version="1.0" encoding="UTF-8"?>
<!-- Generated by org.testng.reporters.JUnitReportReporter -->
<testsuite skipped="0" hostname="DESKTOP-I12I50L" name="com.sampleApplication.test.FirstMavenClass" tests="1" failures="0" timestamp="22 Nov 2020 14:08:08 GMT" time="0.020" errors="0">
  <testcase name="test1" time="0.020" classname="com.sampleApplication.test.FirstMavenClass"/>
</testsuite> <!-- com.sampleApplication.test.FirstMavenClass -->
