<?xml version="1.0" encoding="UTF-8"?>
<!-- Generated by org.testng.reporters.JUnitReportReporter -->
<testsuite skipped="0" hostname="DESKTOP-I12I50L" name="seleniumBasicFeaturesPractice1.Element_7_WebTable" tests="1" failures="0" timestamp="18 Nov 2020 17:11:09 GMT" time="20.870" errors="0">
  <testcase name="webTablePractice" time="20.870" classname="seleniumBasicFeaturesPractice1.Element_7_WebTable"/>
</testsuite> <!-- seleniumBasicFeaturesPractice1.Element_7_WebTable -->
