<?xml version="1.0" encoding="UTF-8"?>
<!-- Generated by org.testng.reporters.JUnitReportReporter -->
<testsuite skipped="0" hostname="DESKTOP-I12I50L" name="seleniumBasicFeaturesPractice1.WindowHandlingPractice2" tests="1" failures="0" timestamp="19 Nov 2020 09:47:51 GMT" time="19.620" errors="0">
  <testcase name="windowHandlePractice1" time="19.620" classname="seleniumBasicFeaturesPractice1.WindowHandlingPractice2"/>
</testsuite> <!-- seleniumBasicFeaturesPractice1.WindowHandlingPractice2 -->
