<?xml version="1.0" encoding="UTF-8"?>
<!-- Generated by org.testng.reporters.JUnitReportReporter -->
<testsuite skipped="0" hostname="DESKTOP-I12I50L" name="seleniumBasicFeaturesPractice1.Element_2_TextBox" tests="1" failures="0" timestamp="15 Nov 2020 20:07:45 GMT" time="18.368" errors="0">
  <testcase name="firefoxtest" time="18.368" classname="seleniumBasicFeaturesPractice1.Element_2_TextBox"/>
</testsuite> <!-- seleniumBasicFeaturesPractice1.Element_2_TextBox -->
