<?xml version="1.0" encoding="UTF-8"?>
<!-- Generated by org.testng.reporters.JUnitReportReporter -->
<testsuite skipped="0" hostname="DESKTOP-I12I50L" name="seleniumBasicFeaturesPractice1.Element_4_RadioButtton" tests="2" failures="0" timestamp="16 Nov 2020 07:48:41 GMT" time="54.445" errors="0">
  <testcase name="radiobuttonFirefox" time="37.596" classname="seleniumBasicFeaturesPractice1.Element_4_RadioButtton"/>
  <testcase name="radiobuttonEdge" time="16.849" classname="seleniumBasicFeaturesPractice1.Element_4_RadioButtton"/>
</testsuite> <!-- seleniumBasicFeaturesPractice1.Element_4_RadioButtton -->
