<?xml version="1.0" encoding="UTF-8"?>
<!-- Generated by org.testng.reporters.JUnitReportReporter -->
<testsuite skipped="0" hostname="DESKTOP-I12I50L" name="seleniumBasicFeaturesPractice1.Element_5_buttons" tests="1" failures="0" timestamp="16 Nov 2020 09:05:17 GMT" time="23.203" errors="0">
  <testcase name="buttonsFireFox" time="23.203" classname="seleniumBasicFeaturesPractice1.Element_5_buttons"/>
</testsuite> <!-- seleniumBasicFeaturesPractice1.Element_5_buttons -->
