<?xml version="1.0" encoding="UTF-8"?>
<!-- Generated by org.testng.reporters.JUnitReportReporter -->
<testsuite skipped="0" hostname="DESKTOP-I12I50L" name="seleniumBasicFeaturesPractice1.Element_8_Alert" tests="1" failures="0" timestamp="18 Nov 2020 18:14:34 GMT" time="31.829" errors="0">
  <testcase name="alertPractice" time="31.829" classname="seleniumBasicFeaturesPractice1.Element_8_Alert"/>
</testsuite> <!-- seleniumBasicFeaturesPractice1.Element_8_Alert -->
