<?xml version="1.0" encoding="UTF-8"?>
<!-- Generated by org.testng.reporters.JUnitReportReporter -->
<testsuite skipped="0" hostname="DESKTOP-I12I50L" name="seleniumBasicFeaturesPractice1.Element_10_UploadFile" tests="1" failures="0" timestamp="20 Nov 2020 18:45:28 GMT" time="44.706" errors="0">
  <testcase name="uplaodFile" time="44.706" classname="seleniumBasicFeaturesPractice1.Element_10_UploadFile"/>
</testsuite> <!-- seleniumBasicFeaturesPractice1.Element_10_UploadFile -->
