<?xml version="1.0" encoding="UTF-8"?>
<!-- Generated by org.testng.reporters.JUnitReportReporter -->
<testsuite skipped="0" hostname="DESKTOP-I12I50L" name="seleniumBasicFeaturesPractice1.WindowHandlingPractice1" tests="1" failures="0" timestamp="19 Nov 2020 09:28:26 GMT" time="15.180" errors="0">
  <testcase name="windowHandlePractice1" time="15.180" classname="seleniumBasicFeaturesPractice1.WindowHandlingPractice1"/>
</testsuite> <!-- seleniumBasicFeaturesPractice1.WindowHandlingPractice1 -->
