<?xml version="1.0" encoding="UTF-8"?>
<!-- Generated by org.testng.reporters.JUnitReportReporter -->
<testsuite skipped="0" hostname="DESKTOP-I12I50L" name="seleniumBasicFeaturesPractice1.Element_6_MouseHower" tests="1" failures="0" timestamp="16 Nov 2020 09:32:10 GMT" time="20.884" errors="0">
  <testcase name="practiceMouseHower" time="20.884" classname="seleniumBasicFeaturesPractice1.Element_6_MouseHower"/>
</testsuite> <!-- seleniumBasicFeaturesPractice1.Element_6_MouseHower -->
