<?xml version="1.0" encoding="UTF-8"?>
<!-- Generated by org.testng.reporters.JUnitReportReporter -->
<testsuite skipped="0" hostname="DESKTOP-I12I50L" name="seleniumBasicFeaturesPractice1.Element_3_CheckBox" tests="2" failures="0" timestamp="16 Nov 2020 07:27:18 GMT" time="57.711" errors="0">
  <testcase name="checkBoxTest_firefox" time="35.317" classname="seleniumBasicFeaturesPractice1.Element_3_CheckBox"/>
  <testcase name="checkBoxTest_edge" time="22.394" classname="seleniumBasicFeaturesPractice1.Element_3_CheckBox"/>
</testsuite> <!-- seleniumBasicFeaturesPractice1.Element_3_CheckBox -->
