<?xml version="1.0" encoding="UTF-8"?>
<!-- Generated by org.testng.reporters.JUnitReportReporter -->
<testsuite skipped="0" hostname="DESKTOP-I12I50L" name="seleniumBasicFeaturesPractice1.Element_9_Dropdown" tests="1" failures="0" timestamp="20 Nov 2020 18:17:03 GMT" time="17.761" errors="0">
  <testcase name="alertPractice" time="17.761" classname="seleniumBasicFeaturesPractice1.Element_9_Dropdown"/>
</testsuite> <!-- seleniumBasicFeaturesPractice1.Element_9_Dropdown -->
