<?xml version="1.0" encoding="UTF-8"?>
<!-- Generated by org.testng.reporters.JUnitReportReporter -->
<testsuite skipped="0" hostname="DESKTOP-I12I50L" name="seleniumBasicFeaturesPractice1.Eliment_1_Link" tests="1" failures="0" timestamp="15 Nov 2020 19:51:51 GMT" time="21.174" errors="0">
  <testcase name="edgetest" time="21.174" classname="seleniumBasicFeaturesPractice1.Eliment_1_Link"/>
</testsuite> <!-- seleniumBasicFeaturesPractice1.Eliment_1_Link -->
