<?xml version="1.0" encoding="UTF-8"?>
<!-- Generated by org.testng.reporters.JUnitReportReporter -->
<testsuite skipped="0" hostname="DESKTOP-I12I50L" name="seleniumBasicFeaturesPractice1.FirstSeleniumClassPractice1" tests="1" failures="0" timestamp="15 Nov 2020 17:36:50 GMT" time="29.640" errors="0">
  <testcase name="launchBrowserPractice" time="29.640" classname="seleniumBasicFeaturesPractice1.FirstSeleniumClassPractice1"/>
</testsuite> <!-- seleniumBasicFeaturesPractice1.FirstSeleniumClassPractice1 -->
