<?xml version="1.0" encoding="UTF-8"?>
<!-- Generated by org.testng.reporters.JUnitReportReporter -->
<testsuite skipped="0" hostname="DESKTOP-I12I50L" name="seleniumBasicFeatures.CalanderEliment" tests="1" failures="0" timestamp="21 Nov 2020 11:22:30 GMT" time="33.404" errors="0">
  <testcase name="test6" time="33.404" classname="seleniumBasicFeatures.CalanderEliment"/>
</testsuite> <!-- seleniumBasicFeatures.CalanderEliment -->
