<?xml version="1.0" encoding="UTF-8"?>
<!-- Generated by org.testng.reporters.JUnitReportReporter -->
<testsuite skipped="0" hostname="DESKTOP-I12I50L" name="seleniumBasicFeatures.WebTableElement" tests="1" failures="0" timestamp="01 Nov 2020 07:39:50 GMT" time="63.537" errors="0">
  <testcase name="test9" time="63.537" classname="seleniumBasicFeatures.WebTableElement"/>
</testsuite> <!-- seleniumBasicFeatures.WebTableElement -->
