<?xml version="1.0" encoding="UTF-8"?>
<!-- Generated by org.testng.reporters.JUnitReportReporter -->
<testsuite skipped="0" hostname="DESKTOP-I12I50L" name="seleniumBasicFeatures.RightClickButtonElement" tests="1" failures="0" timestamp="01 Nov 2020 06:09:52 GMT" time="21.220" errors="0">
  <testcase name="test8" time="21.220" classname="seleniumBasicFeatures.RightClickButtonElement"/>
</testsuite> <!-- seleniumBasicFeatures.RightClickButtonElement -->
