<?xml version="1.0" encoding="UTF-8"?>
<!-- Generated by org.testng.reporters.JUnitReportReporter -->
<testsuite skipped="0" hostname="DESKTOP-I12I50L" name="seleniumBasicFeatures.CheckboxElement" tests="1" failures="0" timestamp="31 Oct 2020 07:56:32 GMT" time="20.104" errors="0">
  <testcase name="test3" time="20.104" classname="seleniumBasicFeatures.CheckboxElement"/>
</testsuite> <!-- seleniumBasicFeatures.CheckboxElement -->
