<?xml version="1.0" encoding="UTF-8"?>
<!-- Generated by org.testng.reporters.JUnitReportReporter -->
<testsuite skipped="0" hostname="DESKTOP-I12I50L" name="seleniumBasicFeatures.WindowsHandler" tests="1" failures="0" timestamp="07 Nov 2020 05:16:41 GMT" time="68.051" errors="0">
  <testcase name="test" time="68.051" classname="seleniumBasicFeatures.WindowsHandler"/>
</testsuite> <!-- seleniumBasicFeatures.WindowsHandler -->
