<?xml version="1.0" encoding="UTF-8"?>
<!-- Generated by org.testng.reporters.JUnitReportReporter -->
<testsuite skipped="0" hostname="DESKTOP-I12I50L" name="seleniumBasicFeatures.TextBoxElement" tests="1" failures="0" timestamp="31 Oct 2020 07:29:32 GMT" time="39.689" errors="0">
  <testcase name="test2" time="39.689" classname="seleniumBasicFeatures.TextBoxElement"/>
</testsuite> <!-- seleniumBasicFeatures.TextBoxElement -->
