<?xml version="1.0" encoding="UTF-8"?>
<!-- Generated by org.testng.reporters.JUnitReportReporter -->
<testsuite skipped="0" hostname="DESKTOP-I12I50L" name="seleniumBasicFeatures.DropdownElement" tests="1" failures="0" timestamp="07 Nov 2020 07:51:17 GMT" time="32.135" errors="0">
  <testcase name="test" time="32.135" classname="seleniumBasicFeatures.DropdownElement"/>
</testsuite> <!-- seleniumBasicFeatures.DropdownElement -->
