<?xml version="1.0" encoding="UTF-8"?>
<!-- Generated by org.testng.reporters.JUnitReportReporter -->
<testsuite skipped="0" hostname="DESKTOP-I12I50L" name="seleniumBasicFeatures.DoubleClickButtonElement" tests="1" failures="0" timestamp="01 Nov 2020 06:04:27 GMT" time="31.977" errors="0">
  <testcase name="test7" time="31.977" classname="seleniumBasicFeatures.DoubleClickButtonElement"/>
</testsuite> <!-- seleniumBasicFeatures.DoubleClickButtonElement -->
