<?xml version="1.0" encoding="UTF-8"?>
<!-- Generated by org.testng.reporters.JUnitReportReporter -->
<testsuite skipped="0" hostname="DESKTOP-I12I50L" name="seleniumBasicFeatures.WindowsHandle2" tests="1" failures="0" timestamp="07 Nov 2020 05:47:19 GMT" time="24.595" errors="0">
  <testcase name="test" time="24.595" classname="seleniumBasicFeatures.WindowsHandle2"/>
</testsuite> <!-- seleniumBasicFeatures.WindowsHandle2 -->
