<?xml version="1.0" encoding="UTF-8"?>
<!-- Generated by org.testng.reporters.JUnitReportReporter -->
<testsuite skipped="0" hostname="DESKTOP-I12I50L" name="seleniumBasicFeatures.iframeElement" tests="1" failures="0" timestamp="21 Nov 2020 11:59:35 GMT" time="27.092" errors="0">
  <testcase name="test6" time="27.092" classname="seleniumBasicFeatures.iframeElement"/>
</testsuite> <!-- seleniumBasicFeatures.iframeElement -->
