<?xml version="1.0" encoding="UTF-8"?>
<!-- Generated by org.testng.reporters.JUnitReportReporter -->
<testsuite skipped="0" hostname="DESKTOP-I12I50L" name="seleniumBasicFeatures.FirstSeleniumClass" tests="1" failures="0" timestamp="24 Oct 2020 07:43:57 GMT" time="18.279" errors="0">
  <testcase name="launchBowser" time="18.279" classname="seleniumBasicFeatures.FirstSeleniumClass"/>
</testsuite> <!-- seleniumBasicFeatures.FirstSeleniumClass -->
