<?xml version="1.0" encoding="UTF-8"?>
<!-- Generated by org.testng.reporters.JUnitReportReporter -->
<testsuite skipped="0" hostname="DESKTOP-I12I50L" name="seleniumBasicFeatures.FunctionalLibrary" tests="1" failures="0" timestamp="01 Nov 2020 05:38:21 GMT" time="39.772" errors="0">
  <testcase name="launchBrowser" time="39.772" classname="seleniumBasicFeatures.FunctionalLibrary"/>
</testsuite> <!-- seleniumBasicFeatures.FunctionalLibrary -->
