<?xml version="1.0" encoding="UTF-8"?>
<!-- Generated by org.testng.reporters.JUnitReportReporter -->
<testsuite skipped="0" hostname="DESKTOP-I12I50L" name="seleniumBasicFeatures.ButtonElement" tests="1" failures="0" timestamp="01 Nov 2020 05:48:36 GMT" time="35.041" errors="0">
  <testcase name="test6" time="35.041" classname="seleniumBasicFeatures.ButtonElement"/>
</testsuite> <!-- seleniumBasicFeatures.ButtonElement -->
