<?xml version="1.0" encoding="UTF-8"?>
<!-- Generated by org.testng.reporters.JUnitReportReporter -->
<testsuite skipped="0" hostname="DESKTOP-I12I50L" name="seleniumBasicFeatures.AlertElement" tests="1" failures="0" timestamp="01 Nov 2020 08:12:34 GMT" time="29.813" errors="0">
  <testcase name="test10" time="29.813" classname="seleniumBasicFeatures.AlertElement"/>
</testsuite> <!-- seleniumBasicFeatures.AlertElement -->
