<?xml version="1.0" encoding="UTF-8"?>
<!-- Generated by org.testng.reporters.JUnitReportReporter -->
<testsuite skipped="0" hostname="DESKTOP-I12I50L" name="testing.TestingDriverClass" tests="1" failures="0" timestamp="19 Nov 2020 18:02:31 GMT" time="52.156" errors="0">
  <testcase name="test" time="52.156" classname="testing.TestingDriverClass"/>
</testsuite> <!-- testing.TestingDriverClass -->
