<?xml version="1.0" encoding="UTF-8"?>
<!-- Generated by org.testng.reporters.JUnitReportReporter -->
<testsuite skipped="0" hostname="DESKTOP-I12I50L" name="additionalAnnotations.dataProviderConcept" tests="10" failures="0" timestamp="18 Oct 2020 09:00:30 GMT" time="0.058" errors="0">
  <testcase name="loginTest" time="0.013" classname="additionalAnnotations.dataProviderConcept"/>
  <testcase name="loginTest" time="0.003" classname="additionalAnnotations.dataProviderConcept"/>
  <testcase name="loginTest" time="0.004" classname="additionalAnnotations.dataProviderConcept"/>
  <testcase name="loginTest" time="0.004" classname="additionalAnnotations.dataProviderConcept"/>
  <testcase name="loginTest" time="0.007" classname="additionalAnnotations.dataProviderConcept"/>
  <testcase name="loginTest" time="0.006" classname="additionalAnnotations.dataProviderConcept"/>
  <testcase name="loginTest" time="0.003" classname="additionalAnnotations.dataProviderConcept"/>
  <testcase name="loginTest" time="0.005" classname="additionalAnnotations.dataProviderConcept"/>
  <testcase name="loginTest" time="0.004" classname="additionalAnnotations.dataProviderConcept"/>
  <testcase name="loginTest" time="0.009" classname="additionalAnnotations.dataProviderConcept"/>
</testsuite> <!-- additionalAnnotations.dataProviderConcept -->
